<?xml version="1.0" encoding="UTF-8"?>
<!-- Generated by org.testng.reporters.JUnitReportReporter -->
<testsuite hostname="LAPTOP-CDMIHFB2" failures="0" tests="3" name="com.mindtree.runner.TestRunner" time="22.261" errors="0" timestamp="2022-01-03T18:02:17 IST" skipped="0">
  <testcase classname="com.mindtree.runner.TestRunner" name="runScenario" time="6.677"/>
  <testcase classname="com.mindtree.runner.TestRunner" name="runScenario" time="8.281"/>
  <testcase classname="com.mindtree.runner.TestRunner" name="runScenario" time="7.303"/>
</testsuite> <!-- com.mindtree.runner.TestRunner -->
